# JRE version: Java(TM) SE Runtime Environment 18.9 (11.0.12+8) (build 11.0.12+8-LTS-237)
# Java VM: Java HotSpot(TM) 64-Bit Server VM 18.9 (11.0.12+8-LTS-237, mixed mode, tiered, compressed oops, g1 gc, bsd-amd64)
Heap:
 garbage-first heap   total 189440K, used 140261K [0x0000000780000000, 0x0000000800000000)
  region size 1024K, 99 young (101376K), 3 survivors (3072K)
 Metaspace       used 74972K, capacity 77372K, committed 77596K, reserved 1116160K
  class space    used 9908K, capacity 10830K, committed 10860K, reserved 1048576K
GC Heap History (10 events):
Event: 12.695 GC heap after
{Heap after GC invocations=12 (full 0):
 garbage-first heap   total 157696K, used 25795K [0x0000000780000000, 0x0000000800000000)
  region size 1024K, 8 young (8192K), 8 survivors (8192K)
 Metaspace       used 55666K, capacity 57187K, committed 57264K, reserved 1099776K
  class space    used 7306K, capacity 7906K, committed 7936K, reserved 1048576K
}
Event: 13.501 GC heap before
{Heap before GC invocations=12 (full 0):
 garbage-first heap   total 157696K, used 51395K [0x0000000780000000, 0x0000000800000000)
  region size 1024K, 34 young (34816K), 8 survivors (8192K)
 Metaspace       used 58675K, capacity 60170K, committed 60208K, reserved 1101824K
  class space    used 7667K, capacity 8284K, committed 8320K, reserved 1048576K
}
Event: 13.514 GC heap after
{Heap after GC invocations=13 (full 0):
 garbage-first heap   total 157696K, used 27099K [0x0000000780000000, 0x0000000800000000)
  region size 1024K, 4 young (4096K), 4 survivors (4096K)
 Metaspace       used 58675K, capacity 60170K, committed 60208K, reserved 1101824K
  class space    used 7667K, capacity 8284K, committed 8320K, reserved 1048576K
}
Event: 14.960 GC heap before
{Heap before GC invocations=14 (full 0):
 garbage-first heap   total 157696K, used 114139K [0x0000000780000000, 0x0000000800000000)
  region size 1024K, 89 young (91136K), 4 survivors (4096K)
 Metaspace       used 63783K, capacity 65670K, committed 65948K, reserved 1105920K
  class space    used 8412K, capacity 9147K, committed 9196K, reserved 1048576K
}
Event: 14.973 GC heap after
{Heap after GC invocations=15 (full 0):
 garbage-first heap   total 157696K, used 30896K [0x0000000780000000, 0x0000000800000000)
  region size 1024K, 8 young (8192K), 8 survivors (8192K)
 Metaspace       used 63783K, capacity 65670K, committed 65948K, reserved 1105920K
  class space    used 8412K, capacity 9147K, committed 9196K, reserved 1048576K
}
Event: 16.343 GC heap before
{Heap before GC invocations=16 (full 0):
 garbage-first heap   total 157696K, used 116912K [0x0000000780000000, 0x0000000800000000)
  region size 1024K, 92 young (94208K), 8 survivors (8192K)
 Metaspace       used 66531K, capacity 68634K, committed 68764K, reserved 1107968K
  class space    used 8842K, capacity 9664K, committed 9708K, reserved 1048576K
}
Event: 16.360 GC heap after
{Heap after GC invocations=17 (full 0):
 garbage-first heap   total 157696K, used 35155K [0x0000000780000000, 0x0000000800000000)
  region size 1024K, 10 young (10240K), 10 survivors (10240K)
 Metaspace       used 66531K, capacity 68634K, committed 68764K, reserved 1107968K
  class space    used 8842K, capacity 9664K, committed 9708K, reserved 1048576K
}
Event: 17.630 GC heap before
{Heap before GC invocations=17 (full 0):
 garbage-first heap   total 157696K, used 119123K [0x0000000780000000, 0x0000000800000000)
  region size 1024K, 92 young (94208K), 10 survivors (10240K)
 Metaspace       used 69494K, capacity 71781K, committed 72092K, reserved 1112064K
  class space    used 9236K, capacity 10109K, committed 10220K, reserved 1048576K
}
Event: 17.653 GC heap after
{Heap after GC invocations=18 (full 0):
 garbage-first heap   total 189440K, used 41957K [0x0000000780000000, 0x0000000800000000)
  region size 1024K, 11 young (11264K), 11 survivors (11264K)
 Metaspace       used 69494K, capacity 71781K, committed 72092K, reserved 1112064K
  class space    used 9236K, capacity 10109K, committed 10220K, reserved 1048576K
}
Event: 1959.244 GC heap before
{Heap before GC invocations=18 (full 0):
 garbage-first heap   total 189440K, used 139237K [0x0000000780000000, 0x0000000800000000)
  region size 1024K, 107 young (109568K), 11 survivors (11264K)
 Metaspace       used 74972K, capacity 77372K, committed 77596K, reserved 1116160K
  class space    used 9908K, capacity 10830K, committed 10860K, reserved 1048576K
}

